Starting full build at Thu Jul 31 05:07:37 PM EDT 2025

=== Building druntime ===
Compiling /home/bruns/Documents/anonymos-dmd/druntime/src/rt/cover.d -> build/cover.o
Compiling /home/bruns/Documents/anonymos-dmd/druntime/src/rt/lifetime.d -> build/lifetime.o
Compiling /home/bruns/Documents/anonymos-dmd/druntime/src/rt/sections_win64.d -> build/sections_win64.o
Compiling /home/bruns/Documents/anonymos-dmd/druntime/src/rt/trace.d -> build/trace.o
Compiling /home/bruns/Documents/anonymos-dmd/druntime/src/rt/minfo.d -> build/minfo.o
Compiling /home/bruns/Documents/anonymos-dmd/druntime/src/rt/deh_win64_posix.d -> build/deh_win64_posix.o
Compiling /home/bruns/Documents/anonymos-dmd/druntime/src/rt/sections_osx_x86.d -> build/sections_osx_x86.o
Compiling /home/bruns/Documents/anonymos-dmd/druntime/src/rt/dwarfeh.d -> build/dwarfeh.o
Compiling /home/bruns/Documents/anonymos-dmd/druntime/src/rt/aApply.d -> build/aApply.o
Compiling /home/bruns/Documents/anonymos-dmd/druntime/src/rt/sections_darwin_64.d -> build/sections_darwin_64.o
Compiling /home/bruns/Documents/anonymos-dmd/druntime/src/rt/deh.d -> build/deh.o
Compiling /home/bruns/Documents/anonymos-dmd/druntime/src/rt/ehalloc.d -> build/ehalloc.o
Compiling /home/bruns/Documents/anonymos-dmd/druntime/src/rt/aaA.d -> build/aaA.o
Compiling /home/bruns/Documents/anonymos-dmd/druntime/src/rt/aApplyR.d -> build/aApplyR.o
Compiling /home/bruns/Documents/anonymos-dmd/druntime/src/rt/memory.d -> build/memory.o
Compiling /home/bruns/Documents/anonymos-dmd/druntime/src/rt/alloca.d -> build/alloca.o
Compiling /home/bruns/Documents/anonymos-dmd/druntime/src/rt/cast_.d -> build/cast_.o
Compiling /home/bruns/Documents/anonymos-dmd/druntime/src/rt/invariant_.d -> build/invariant_.o
Compiling /home/bruns/Documents/anonymos-dmd/druntime/src/rt/llmath.d -> build/llmath.o
Compiling /home/bruns/Documents/anonymos-dmd/druntime/src/rt/dmain2.d -> build/dmain2.o
Compiling /home/bruns/Documents/anonymos-dmd/druntime/src/rt/sections_elf_shared.d -> build/sections_elf_shared.o
Compiling /home/bruns/Documents/anonymos-dmd/druntime/src/rt/sections_solaris.d -> build/sections_solaris.o
Compiling /home/bruns/Documents/anonymos-dmd/druntime/src/rt/critical_.d -> build/critical_.o
Compiling /home/bruns/Documents/anonymos-dmd/druntime/src/rt/cmath2.d -> build/cmath2.o
Compiling /home/bruns/Documents/anonymos-dmd/druntime/src/rt/msvc_math.d -> build/msvc_math.o
Compiling /home/bruns/Documents/anonymos-dmd/druntime/src/rt/deh_win32.d -> build/deh_win32.o
Compiling /home/bruns/Documents/anonymos-dmd/druntime/src/rt/monitor_.d -> build/monitor_.o
Compiling /home/bruns/Documents/anonymos-dmd/druntime/src/rt/msvc.d -> build/msvc.o
Compiling /home/bruns/Documents/anonymos-dmd/druntime/src/rt/tracegc.d -> build/tracegc.o
Compiling /home/bruns/Documents/anonymos-dmd/druntime/src/rt/profilegc.d -> build/profilegc.o
Compiling /home/bruns/Documents/anonymos-dmd/druntime/src/rt/config.d -> build/config.o
Compiling /home/bruns/Documents/anonymos-dmd/druntime/src/rt/sections.d -> build/sections.o
Compiling /home/bruns/Documents/anonymos-dmd/druntime/src/rt/adi.d -> build/adi.o
Compiling /home/bruns/Documents/anonymos-dmd/druntime/src/rt/tlsgc.d -> build/tlsgc.o
Compiling /home/bruns/Documents/anonymos-dmd/druntime/src/rt/sections_osx_x86_64.d -> build/sections_osx_x86_64.o
Compiling /home/bruns/Documents/anonymos-dmd/druntime/src/rt/memset.d -> build/memset.o
Compiling /home/bruns/Documents/anonymos-dmd/druntime/src/rt/arraycat.d -> build/arraycat.o
Compiling /home/bruns/Documents/anonymos-dmd/druntime/src/rt/util/utility.d -> build/utility.o
Compiling /home/bruns/Documents/anonymos-dmd/druntime/src/rt/util/typeinfo.d -> build/typeinfo.o
Compiling /home/bruns/Documents/anonymos-dmd/druntime/src/test_runner.d -> build/test_runner.o
Compiling /home/bruns/Documents/anonymos-dmd/druntime/src/core/stdc/float_.d -> build/float_.o
Compiling /home/bruns/Documents/anonymos-dmd/druntime/src/core/stdc/math.d -> build/math.o
Compiling /home/bruns/Documents/anonymos-dmd/druntime/src/core/stdc/locale.d -> build/locale.o
Compiling /home/bruns/Documents/anonymos-dmd/druntime/src/core/stdc/stdint.d -> build/stdint.o
Compiling /home/bruns/Documents/anonymos-dmd/druntime/src/core/stdc/stdio.d -> build/stdio.o
Compiling /home/bruns/Documents/anonymos-dmd/druntime/src/core/stdc/ctype.d -> build/ctype.o
Compiling /home/bruns/Documents/anonymos-dmd/druntime/src/core/stdc/errno.d -> build/errno.o
Compiling /home/bruns/Documents/anonymos-dmd/druntime/src/core/stdc/limits.d -> build/limits.o
Compiling /home/bruns/Documents/anonymos-dmd/druntime/src/core/stdc/assert_.d -> build/assert_.o
Compiling /home/bruns/Documents/anonymos-dmd/druntime/src/core/stdc/inttypes.d -> build/inttypes.o
Compiling /home/bruns/Documents/anonymos-dmd/druntime/src/core/stdc/stddef.d -> build/stddef.o
Compiling /home/bruns/Documents/anonymos-dmd/druntime/src/core/stdc/stdatomic.d -> build/stdatomic.o
Compiling /home/bruns/Documents/anonymos-dmd/druntime/src/core/stdc/stdlib.d -> build/stdlib.o
Compiling /home/bruns/Documents/anonymos-dmd/druntime/src/core/stdc/wctype.d -> build/wctype.o
Compiling /home/bruns/Documents/anonymos-dmd/druntime/src/core/stdc/string.d -> build/string.o
Compiling /home/bruns/Documents/anonymos-dmd/druntime/src/core/stdc/signal.d -> build/signal.o
Compiling /home/bruns/Documents/anonymos-dmd/druntime/src/core/stdc/stdarg.d -> build/stdarg.o
Compiling /home/bruns/Documents/anonymos-dmd/druntime/src/core/stdc/complex.d -> build/complex.o
Compiling /home/bruns/Documents/anonymos-dmd/druntime/src/core/stdc/config.d -> build/config.o
Compiling /home/bruns/Documents/anonymos-dmd/druntime/src/core/stdc/fenv.d -> build/fenv.o
Compiling /home/bruns/Documents/anonymos-dmd/druntime/src/core/stdc/time.d -> build/time.o
Compiling /home/bruns/Documents/anonymos-dmd/druntime/src/core/stdc/wchar_.d -> build/wchar_.o
Compiling /home/bruns/Documents/anonymos-dmd/druntime/src/core/stdc/tgmath.d -> build/tgmath.o
Compiling /home/bruns/Documents/anonymos-dmd/druntime/src/core/lifetime.d -> build/lifetime.o
Compiling /home/bruns/Documents/anonymos-dmd/druntime/src/core/thread/package.d -> build/package.o
Compiling /home/bruns/Documents/anonymos-dmd/druntime/src/core/thread/fiber/package.d -> build/package.o
Compiling /home/bruns/Documents/anonymos-dmd/druntime/src/core/thread/fiber/base.d -> build/base.o
Compiling /home/bruns/Documents/anonymos-dmd/druntime/src/core/thread/threadgroup.d -> build/threadgroup.o
Compiling /home/bruns/Documents/anonymos-dmd/druntime/src/core/thread/context.d -> build/context.o
Compiling /home/bruns/Documents/anonymos-dmd/druntime/src/core/thread/threadbase.d -> build/threadbase.o
Compiling /home/bruns/Documents/anonymos-dmd/druntime/src/core/thread/types.d -> build/types.o
Compiling /home/bruns/Documents/anonymos-dmd/druntime/src/core/thread/osthread.d -> build/osthread.o
Compiling /home/bruns/Documents/anonymos-dmd/druntime/src/core/checkedint.d -> build/checkedint.o
Compiling /home/bruns/Documents/anonymos-dmd/druntime/src/core/math.d -> build/math.o
Compiling /home/bruns/Documents/anonymos-dmd/druntime/src/core/simd.d -> build/simd.o
Compiling /home/bruns/Documents/anonymos-dmd/druntime/src/core/cpuid.d -> build/cpuid.o
Compiling /home/bruns/Documents/anonymos-dmd/druntime/src/core/int128.d -> build/int128.o
Compiling /home/bruns/Documents/anonymos-dmd/druntime/src/core/factory.d -> build/factory.o
Compiling /home/bruns/Documents/anonymos-dmd/druntime/src/core/stdcpp/allocator.d -> build/allocator.o
Compiling /home/bruns/Documents/anonymos-dmd/druntime/src/core/stdcpp/utility.d -> build/utility.o
Compiling /home/bruns/Documents/anonymos-dmd/druntime/src/core/stdcpp/type_traits.d -> build/type_traits.o
Compiling /home/bruns/Documents/anonymos-dmd/druntime/src/core/stdcpp/xutility.d -> build/xutility.o
Compiling /home/bruns/Documents/anonymos-dmd/druntime/src/core/stdcpp/memory.d -> build/memory.o
Compiling /home/bruns/Documents/anonymos-dmd/druntime/src/core/stdcpp/new_.d -> build/new_.o
Compiling /home/bruns/Documents/anonymos-dmd/druntime/src/core/stdcpp/string.d -> build/string.o
Compiling /home/bruns/Documents/anonymos-dmd/druntime/src/core/stdcpp/vector.d -> build/vector.o
Compiling /home/bruns/Documents/anonymos-dmd/druntime/src/core/stdcpp/array.d -> build/array.o
Compiling /home/bruns/Documents/anonymos-dmd/druntime/src/core/stdcpp/string_view.d -> build/string_view.o
Compiling /home/bruns/Documents/anonymos-dmd/druntime/src/core/stdcpp/typeinfo.d -> build/typeinfo.o
Compiling /home/bruns/Documents/anonymos-dmd/druntime/src/core/stdcpp/exception.d -> build/exception.o
Compiling /home/bruns/Documents/anonymos-dmd/druntime/src/core/memory.d -> build/memory.o
Compiling /home/bruns/Documents/anonymos-dmd/druntime/src/core/bitop.d -> build/bitop.o
Compiling /home/bruns/Documents/anonymos-dmd/druntime/src/core/sys/solaris/err.d -> build/err.o
Compiling /home/bruns/Documents/anonymos-dmd/druntime/src/core/sys/solaris/elf.d -> build/elf.o
Compiling /home/bruns/Documents/anonymos-dmd/druntime/src/core/sys/solaris/link.d -> build/link.o
Compiling /home/bruns/Documents/anonymos-dmd/druntime/src/core/sys/solaris/libelf.d -> build/libelf.o
Compiling /home/bruns/Documents/anonymos-dmd/druntime/src/core/sys/solaris/sys/elftypes.d -> build/elftypes.o
Compiling /home/bruns/Documents/anonymos-dmd/druntime/src/core/sys/solaris/sys/elf.d -> build/elf.o
Compiling /home/bruns/Documents/anonymos-dmd/druntime/src/core/sys/solaris/sys/link.d -> build/link.o
Compiling /home/bruns/Documents/anonymos-dmd/druntime/src/core/sys/solaris/sys/priocntl.d -> build/priocntl.o
Compiling /home/bruns/Documents/anonymos-dmd/druntime/src/core/sys/solaris/sys/elf_386.d -> build/elf_386.o
Compiling /home/bruns/Documents/anonymos-dmd/druntime/src/core/sys/solaris/sys/procset.d -> build/procset.o
Compiling /home/bruns/Documents/anonymos-dmd/druntime/src/core/sys/solaris/sys/types.d -> build/types.o
Compiling /home/bruns/Documents/anonymos-dmd/druntime/src/core/sys/solaris/sys/elf_SPARC.d -> build/elf_SPARC.o
Compiling /home/bruns/Documents/anonymos-dmd/druntime/src/core/sys/solaris/sys/elf_amd64.d -> build/elf_amd64.o
Compiling /home/bruns/Documents/anonymos-dmd/druntime/src/core/sys/solaris/sys/elf_notes.d -> build/elf_notes.o
Compiling /home/bruns/Documents/anonymos-dmd/druntime/src/core/sys/solaris/stdlib.d -> build/stdlib.o
Compiling /home/bruns/Documents/anonymos-dmd/druntime/src/core/sys/solaris/execinfo.d -> build/execinfo.o
Compiling /home/bruns/Documents/anonymos-dmd/druntime/src/core/sys/solaris/time.d -> build/time.o
Compiling /home/bruns/Documents/anonymos-dmd/druntime/src/core/sys/solaris/dlfcn.d -> build/dlfcn.o
Compiling /home/bruns/Documents/anonymos-dmd/druntime/src/core/sys/posix/sched.d -> build/sched.o
Compiling /home/bruns/Documents/anonymos-dmd/druntime/src/core/sys/posix/stdc/time.d -> build/time.o
Compiling /home/bruns/Documents/anonymos-dmd/druntime/src/core/sys/posix/fcntl.d -> build/fcntl.o
Compiling /home/bruns/Documents/anonymos-dmd/druntime/src/core/sys/posix/dirent.d -> build/dirent.o
Compiling /home/bruns/Documents/anonymos-dmd/druntime/src/core/sys/posix/aio.d -> build/aio.o
Compiling /home/bruns/Documents/anonymos-dmd/druntime/src/core/sys/posix/locale.d -> build/locale.o
Compiling /home/bruns/Documents/anonymos-dmd/druntime/src/core/sys/posix/semaphore.d -> build/semaphore.o
Compiling /home/bruns/Documents/anonymos-dmd/druntime/src/core/sys/posix/setjmp.d -> build/setjmp.o
Compiling /home/bruns/Documents/anonymos-dmd/druntime/src/core/sys/posix/grp.d -> build/grp.o
Compiling /home/bruns/Documents/anonymos-dmd/druntime/src/core/sys/posix/stdio.d -> build/stdio.o
Compiling /home/bruns/Documents/anonymos-dmd/druntime/src/core/sys/posix/netdb.d -> build/netdb.o
Compiling /home/bruns/Documents/anonymos-dmd/druntime/src/core/sys/posix/arpa/inet.d -> build/inet.o
Compiling /home/bruns/Documents/anonymos-dmd/druntime/src/core/sys/posix/mqueue.d -> build/mqueue.o
Compiling /home/bruns/Documents/anonymos-dmd/druntime/src/core/sys/posix/pthread.d -> build/pthread.o
Compiling /home/bruns/Documents/anonymos-dmd/druntime/src/core/sys/posix/unistd.d -> build/unistd.o
Compiling /home/bruns/Documents/anonymos-dmd/druntime/src/core/sys/posix/libgen.d -> build/libgen.o
Compiling /home/bruns/Documents/anonymos-dmd/druntime/src/core/sys/posix/syslog.d -> build/syslog.o
Compiling /home/bruns/Documents/anonymos-dmd/druntime/src/core/sys/posix/ucontext.d -> build/ucontext.o
Compiling /home/bruns/Documents/anonymos-dmd/druntime/src/core/sys/posix/inttypes.d -> build/inttypes.o
Compiling /home/bruns/Documents/anonymos-dmd/druntime/src/core/sys/posix/sys/resource.d -> build/resource.o
Compiling /home/bruns/Documents/anonymos-dmd/druntime/src/core/sys/posix/sys/ttycom.d -> build/ttycom.o
Compiling /home/bruns/Documents/anonymos-dmd/druntime/src/core/sys/posix/sys/filio.d -> build/filio.o
Compiling /home/bruns/Documents/anonymos-dmd/druntime/src/core/sys/posix/sys/mman.d -> build/mman.o
Compiling /home/bruns/Documents/anonymos-dmd/druntime/src/core/sys/posix/sys/msg.d -> build/msg.o
Compiling /home/bruns/Documents/anonymos-dmd/druntime/src/core/sys/posix/sys/ioctl.d -> build/ioctl.o
Compiling /home/bruns/Documents/anonymos-dmd/druntime/src/core/sys/posix/sys/ioccom.d -> build/ioccom.o
Compiling /home/bruns/Documents/anonymos-dmd/druntime/src/core/sys/posix/sys/uio.d -> build/uio.o
Compiling /home/bruns/Documents/anonymos-dmd/druntime/src/core/sys/posix/sys/socket.d -> build/socket.o
Compiling /home/bruns/Documents/anonymos-dmd/druntime/src/core/sys/posix/sys/select.d -> build/select.o
Compiling /home/bruns/Documents/anonymos-dmd/druntime/src/core/sys/posix/sys/ipc.d -> build/ipc.o
Compiling /home/bruns/Documents/anonymos-dmd/druntime/src/core/sys/posix/sys/wait.d -> build/wait.o
Compiling /home/bruns/Documents/anonymos-dmd/druntime/src/core/sys/posix/sys/un.d -> build/un.o
Compiling /home/bruns/Documents/anonymos-dmd/druntime/src/core/sys/posix/sys/statvfs.d -> build/statvfs.o
Compiling /home/bruns/Documents/anonymos-dmd/druntime/src/core/sys/posix/sys/types.d -> build/types.o
Compiling /home/bruns/Documents/anonymos-dmd/druntime/src/core/sys/posix/sys/time.d -> build/time.o
Compiling /home/bruns/Documents/anonymos-dmd/druntime/src/core/sys/posix/sys/stat.d -> build/stat.o
Compiling /home/bruns/Documents/anonymos-dmd/druntime/src/core/sys/posix/sys/utsname.d -> build/utsname.o
Compiling /home/bruns/Documents/anonymos-dmd/druntime/src/core/sys/posix/sys/shm.d -> build/shm.o
Compiling /home/bruns/Documents/anonymos-dmd/druntime/src/core/sys/posix/stdlib.d -> build/stdlib.o
Compiling /home/bruns/Documents/anonymos-dmd/druntime/src/core/sys/posix/string.d -> build/string.o
Compiling /home/bruns/Documents/anonymos-dmd/druntime/src/core/sys/posix/utime.d -> build/utime.o
Compiling /home/bruns/Documents/anonymos-dmd/druntime/src/core/sys/posix/signal.d -> build/signal.o
Compiling /home/bruns/Documents/anonymos-dmd/druntime/src/core/sys/posix/spawn.d -> build/spawn.o
Compiling /home/bruns/Documents/anonymos-dmd/druntime/src/core/sys/posix/pwd.d -> build/pwd.o
Compiling /home/bruns/Documents/anonymos-dmd/druntime/src/core/sys/posix/netinet/in_.d -> build/in_.o
Compiling /home/bruns/Documents/anonymos-dmd/druntime/src/core/sys/posix/netinet/tcp.d -> build/tcp.o
Compiling /home/bruns/Documents/anonymos-dmd/druntime/src/core/sys/posix/termios.d -> build/termios.o
Compiling /home/bruns/Documents/anonymos-dmd/druntime/src/core/sys/posix/net/if_.d -> build/if_.o
Compiling /home/bruns/Documents/anonymos-dmd/druntime/src/core/sys/posix/config.d -> build/config.o
Compiling /home/bruns/Documents/anonymos-dmd/druntime/src/core/sys/posix/time.d -> build/time.o
Compiling /home/bruns/Documents/anonymos-dmd/druntime/src/core/sys/posix/poll.d -> build/poll.o
Compiling /home/bruns/Documents/anonymos-dmd/druntime/src/core/sys/posix/iconv.d -> build/iconv.o
Compiling /home/bruns/Documents/anonymos-dmd/druntime/src/core/sys/posix/strings.d -> build/strings.o
Compiling /home/bruns/Documents/anonymos-dmd/druntime/src/core/sys/posix/dlfcn.d -> build/dlfcn.o
Compiling /home/bruns/Documents/anonymos-dmd/druntime/src/core/sys/netbsd/err.d -> build/err.o
Compiling /home/bruns/Documents/anonymos-dmd/druntime/src/core/sys/netbsd/sys/elf.d -> build/elf.o
Compiling /home/bruns/Documents/anonymos-dmd/druntime/src/core/sys/netbsd/sys/mman.d -> build/mman.o
Compiling /home/bruns/Documents/anonymos-dmd/druntime/src/core/sys/netbsd/sys/elf64.d -> build/elf64.o
Compiling /home/bruns/Documents/anonymos-dmd/druntime/src/core/sys/netbsd/sys/link_elf.d -> build/link_elf.o
Compiling /home/bruns/Documents/anonymos-dmd/druntime/src/core/sys/netbsd/sys/featuretest.d -> build/featuretest.o
Compiling /home/bruns/Documents/anonymos-dmd/druntime/src/core/sys/netbsd/sys/elf32.d -> build/elf32.o
Compiling /home/bruns/Documents/anonymos-dmd/druntime/src/core/sys/netbsd/sys/elf_common.d -> build/elf_common.o
Compiling /home/bruns/Documents/anonymos-dmd/druntime/src/core/sys/netbsd/sys/sysctl.d -> build/sysctl.o
Compiling /home/bruns/Documents/anonymos-dmd/druntime/src/core/sys/netbsd/sys/event.d -> build/event.o
Compiling /home/bruns/Documents/anonymos-dmd/druntime/src/core/sys/netbsd/stdlib.d -> build/stdlib.o
Compiling /home/bruns/Documents/anonymos-dmd/druntime/src/core/sys/netbsd/string.d -> build/string.o
Compiling /home/bruns/Documents/anonymos-dmd/druntime/src/core/sys/netbsd/execinfo.d -> build/execinfo.o
Compiling /home/bruns/Documents/anonymos-dmd/druntime/src/core/sys/netbsd/time.d -> build/time.o
Compiling /home/bruns/Documents/anonymos-dmd/druntime/src/core/sys/netbsd/dlfcn.d -> build/dlfcn.o
Compiling /home/bruns/Documents/anonymos-dmd/druntime/src/core/sys/openbsd/err.d -> build/err.o
Compiling /home/bruns/Documents/anonymos-dmd/druntime/src/core/sys/openbsd/unistd.d -> build/unistd.o
Compiling /home/bruns/Documents/anonymos-dmd/druntime/src/core/sys/openbsd/sys/elf.d -> build/elf.o
Compiling /home/bruns/Documents/anonymos-dmd/druntime/src/core/sys/openbsd/sys/mman.d -> build/mman.o
Compiling /home/bruns/Documents/anonymos-dmd/druntime/src/core/sys/openbsd/sys/cdefs.d -> build/cdefs.o
Compiling /home/bruns/Documents/anonymos-dmd/druntime/src/core/sys/openbsd/sys/elf64.d -> build/elf64.o
Compiling /home/bruns/Documents/anonymos-dmd/druntime/src/core/sys/openbsd/sys/link_elf.d -> build/link_elf.o
Compiling /home/bruns/Documents/anonymos-dmd/druntime/src/core/sys/openbsd/sys/elf32.d -> build/elf32.o
Compiling /home/bruns/Documents/anonymos-dmd/druntime/src/core/sys/openbsd/sys/elf_common.d -> build/elf_common.o
Compiling /home/bruns/Documents/anonymos-dmd/druntime/src/core/sys/openbsd/sys/sysctl.d -> build/sysctl.o
Compiling /home/bruns/Documents/anonymos-dmd/druntime/src/core/sys/openbsd/stdlib.d -> build/stdlib.o
Compiling /home/bruns/Documents/anonymos-dmd/druntime/src/core/sys/openbsd/string.d -> build/string.o
Compiling /home/bruns/Documents/anonymos-dmd/druntime/src/core/sys/openbsd/pwd.d -> build/pwd.o
Compiling /home/bruns/Documents/anonymos-dmd/druntime/src/core/sys/openbsd/execinfo.d -> build/execinfo.o
Compiling /home/bruns/Documents/anonymos-dmd/druntime/src/core/sys/openbsd/time.d -> build/time.o
Compiling /home/bruns/Documents/anonymos-dmd/druntime/src/core/sys/openbsd/pthread_np.d -> build/pthread_np.o
Compiling /home/bruns/Documents/anonymos-dmd/druntime/src/core/sys/openbsd/dlfcn.d -> build/dlfcn.o
Compiling /home/bruns/Documents/anonymos-dmd/druntime/src/core/sys/dragonflybsd/err.d -> build/err.o
Compiling /home/bruns/Documents/anonymos-dmd/druntime/src/core/sys/dragonflybsd/sys/elf.d -> build/elf.o
Compiling /home/bruns/Documents/anonymos-dmd/druntime/src/core/sys/dragonflybsd/sys/mman.d -> build/mman.o
Compiling /home/bruns/Documents/anonymos-dmd/druntime/src/core/sys/dragonflybsd/sys/cdefs.d -> build/cdefs.o
Compiling /home/bruns/Documents/anonymos-dmd/druntime/src/core/sys/dragonflybsd/sys/_bitset.d -> build/_bitset.o
Compiling /home/bruns/Documents/anonymos-dmd/druntime/src/core/sys/dragonflybsd/sys/elf64.d -> build/elf64.o
Compiling /home/bruns/Documents/anonymos-dmd/druntime/src/core/sys/dragonflybsd/sys/socket.d -> build/socket.o
Compiling /home/bruns/Documents/anonymos-dmd/druntime/src/core/sys/dragonflybsd/sys/link_elf.d -> build/link_elf.o
Compiling /home/bruns/Documents/anonymos-dmd/druntime/src/core/sys/dragonflybsd/sys/elf32.d -> build/elf32.o
Compiling /home/bruns/Documents/anonymos-dmd/druntime/src/core/sys/dragonflybsd/sys/_cpuset.d -> build/_cpuset.o
Compiling /home/bruns/Documents/anonymos-dmd/druntime/src/core/sys/dragonflybsd/sys/elf_common.d -> build/elf_common.o
Compiling /home/bruns/Documents/anonymos-dmd/druntime/src/core/sys/dragonflybsd/sys/sysctl.d -> build/sysctl.o
Compiling /home/bruns/Documents/anonymos-dmd/druntime/src/core/sys/dragonflybsd/sys/event.d -> build/event.o
Compiling /home/bruns/Documents/anonymos-dmd/druntime/src/core/sys/dragonflybsd/stdlib.d -> build/stdlib.o
Compiling /home/bruns/Documents/anonymos-dmd/druntime/src/core/sys/dragonflybsd/string.d -> build/string.o
Compiling /home/bruns/Documents/anonymos-dmd/druntime/src/core/sys/dragonflybsd/netinet/in_.d -> build/in_.o
Compiling /home/bruns/Documents/anonymos-dmd/druntime/src/core/sys/dragonflybsd/execinfo.d -> build/execinfo.o
Compiling /home/bruns/Documents/anonymos-dmd/druntime/src/core/sys/dragonflybsd/time.d -> build/time.o
Compiling /home/bruns/Documents/anonymos-dmd/druntime/src/core/sys/dragonflybsd/pthread_np.d -> build/pthread_np.o
Compiling /home/bruns/Documents/anonymos-dmd/druntime/src/core/sys/dragonflybsd/dlfcn.d -> build/dlfcn.o
Compiling /home/bruns/Documents/anonymos-dmd/druntime/src/core/sys/windows/lmmsg.d -> build/lmmsg.o
Compiling /home/bruns/Documents/anonymos-dmd/druntime/src/core/sys/windows/lmserver.d -> build/lmserver.o
Compiling /home/bruns/Documents/anonymos-dmd/druntime/src/core/sys/windows/stdc/time.d -> build/time.o
Compiling /home/bruns/Documents/anonymos-dmd/druntime/src/core/sys/windows/stdc/malloc.d -> build/malloc.o
Compiling /home/bruns/Documents/anonymos-dmd/druntime/src/core/sys/windows/winioctl.d -> build/winioctl.o
Compiling /home/bruns/Documents/anonymos-dmd/druntime/src/core/sys/windows/wtypes.d -> build/wtypes.o
Compiling /home/bruns/Documents/anonymos-dmd/druntime/src/core/sys/windows/subauth.d -> build/subauth.o
Compiling /home/bruns/Documents/anonymos-dmd/druntime/src/core/sys/windows/lmremutl.d -> build/lmremutl.o
Compiling /home/bruns/Documents/anonymos-dmd/druntime/src/core/sys/windows/basetsd.d -> build/basetsd.o
Compiling /home/bruns/Documents/anonymos-dmd/druntime/src/core/sys/windows/winnls.d -> build/winnls.o
Compiling /home/bruns/Documents/anonymos-dmd/druntime/src/core/sys/windows/winnt.d -> build/winnt.o
Compiling /home/bruns/Documents/anonymos-dmd/druntime/src/core/sys/windows/exdisp.d -> build/exdisp.o
Compiling /home/bruns/Documents/anonymos-dmd/druntime/src/core/sys/windows/lmrepl.d -> build/lmrepl.o
Compiling /home/bruns/Documents/anonymos-dmd/druntime/src/core/sys/windows/winsock2.d -> build/winsock2.o
Compiling /home/bruns/Documents/anonymos-dmd/druntime/src/core/sys/windows/threadaux.d -> build/threadaux.o
Compiling /home/bruns/Documents/anonymos-dmd/druntime/src/core/sys/windows/exdispid.d -> build/exdispid.o
Compiling /home/bruns/Documents/anonymos-dmd/druntime/src/core/sys/windows/lmat.d -> build/lmat.o
Compiling /home/bruns/Documents/anonymos-dmd/druntime/src/core/sys/windows/cderr.d -> build/cderr.o
Compiling /home/bruns/Documents/anonymos-dmd/druntime/src/core/sys/windows/lmaudit.d -> build/lmaudit.o
Compiling /home/bruns/Documents/anonymos-dmd/druntime/src/core/sys/windows/ntsecapi.d -> build/ntsecapi.o
Compiling /home/bruns/Documents/anonymos-dmd/druntime/src/core/sys/windows/winreg.d -> build/winreg.o
Compiling /home/bruns/Documents/anonymos-dmd/druntime/src/core/sys/windows/tlhelp32.d -> build/tlhelp32.o
Compiling /home/bruns/Documents/anonymos-dmd/druntime/src/core/sys/windows/winver.d -> build/winver.o
Compiling /home/bruns/Documents/anonymos-dmd/druntime/src/core/sys/windows/iprtrmib.d -> build/iprtrmib.o
Compiling /home/bruns/Documents/anonymos-dmd/druntime/src/core/sys/windows/dll.d -> build/dll.o
Compiling /home/bruns/Documents/anonymos-dmd/druntime/src/core/sys/windows/dhcpcsdk.d -> build/dhcpcsdk.o
Compiling /home/bruns/Documents/anonymos-dmd/druntime/src/core/sys/windows/richedit.d -> build/richedit.o
Compiling /home/bruns/Documents/anonymos-dmd/druntime/src/core/sys/windows/cplext.d -> build/cplext.o
Compiling /home/bruns/Documents/anonymos-dmd/druntime/src/core/sys/windows/wincon.d -> build/wincon.o
Compiling /home/bruns/Documents/anonymos-dmd/druntime/src/core/sys/windows/errorrep.d -> build/errorrep.o
Compiling /home/bruns/Documents/anonymos-dmd/druntime/src/core/sys/windows/nddeapi.d -> build/nddeapi.o
Compiling /home/bruns/Documents/anonymos-dmd/druntime/src/core/sys/windows/rasdlg.d -> build/rasdlg.o
Compiling /home/bruns/Documents/anonymos-dmd/druntime/src/core/sys/windows/shldisp.d -> build/shldisp.o
Compiling /home/bruns/Documents/anonymos-dmd/druntime/src/core/sys/windows/ntdll.d -> build/ntdll.o
Compiling /home/bruns/Documents/anonymos-dmd/druntime/src/core/sys/windows/idispids.d -> build/idispids.o
Compiling /home/bruns/Documents/anonymos-dmd/druntime/src/core/sys/windows/winldap.d -> build/winldap.o
Compiling /home/bruns/Documents/anonymos-dmd/druntime/src/core/sys/windows/stacktrace.d -> build/stacktrace.o
Compiling /home/bruns/Documents/anonymos-dmd/druntime/src/core/sys/windows/iphlpapi.d -> build/iphlpapi.o
Compiling /home/bruns/Documents/anonymos-dmd/druntime/src/core/sys/windows/winbase.d -> build/winbase.o
Compiling /home/bruns/Documents/anonymos-dmd/druntime/src/core/sys/windows/olectlid.d -> build/olectlid.o
Compiling /home/bruns/Documents/anonymos-dmd/druntime/src/core/sys/windows/wtsapi32.d -> build/wtsapi32.o
Compiling /home/bruns/Documents/anonymos-dmd/druntime/src/core/sys/windows/secext.d -> build/secext.o
Compiling /home/bruns/Documents/anonymos-dmd/druntime/src/core/sys/windows/nspapi.d -> build/nspapi.o
Compiling /home/bruns/Documents/anonymos-dmd/druntime/src/core/sys/windows/winnetwk.d -> build/winnetwk.o
Compiling /home/bruns/Documents/anonymos-dmd/druntime/src/core/sys/windows/cpl.d -> build/cpl.o
Compiling /home/bruns/Documents/anonymos-dmd/druntime/src/core/sys/windows/rassapi.d -> build/rassapi.o
Compiling /home/bruns/Documents/anonymos-dmd/druntime/src/core/sys/windows/snmp.d -> build/snmp.o
Compiling /home/bruns/Documents/anonymos-dmd/druntime/src/core/sys/windows/iptypes.d -> build/iptypes.o
Compiling /home/bruns/Documents/anonymos-dmd/druntime/src/core/sys/windows/winhttp.d -> build/winhttp.o
Compiling /home/bruns/Documents/anonymos-dmd/druntime/src/core/sys/windows/mciavi.d -> build/mciavi.o
Compiling /home/bruns/Documents/anonymos-dmd/druntime/src/core/sys/windows/msacm.d -> build/msacm.o
Compiling /home/bruns/Documents/anonymos-dmd/druntime/src/core/sys/windows/reason.d -> build/reason.o
Compiling /home/bruns/Documents/anonymos-dmd/druntime/src/core/sys/windows/aclui.d -> build/aclui.o
Compiling /home/bruns/Documents/anonymos-dmd/druntime/src/core/sys/windows/lmstats.d -> build/lmstats.o
Compiling /home/bruns/Documents/anonymos-dmd/druntime/src/core/sys/windows/mswsock.d -> build/mswsock.o
Compiling /home/bruns/Documents/anonymos-dmd/druntime/src/core/sys/windows/objidl.d -> build/objidl.o
Compiling /home/bruns/Documents/anonymos-dmd/druntime/src/core/sys/windows/wingdi.d -> build/wingdi.o
Compiling /home/bruns/Documents/anonymos-dmd/druntime/src/core/sys/windows/lmapibuf.d -> build/lmapibuf.o
Compiling /home/bruns/Documents/anonymos-dmd/druntime/src/core/sys/windows/rpcdce.d -> build/rpcdce.o
Compiling /home/bruns/Documents/anonymos-dmd/druntime/src/core/sys/windows/lmshare.d -> build/lmshare.o
Compiling /home/bruns/Documents/anonymos-dmd/druntime/src/core/sys/windows/sspi.d -> build/sspi.o
Compiling /home/bruns/Documents/anonymos-dmd/druntime/src/core/sys/windows/shlguid.d -> build/shlguid.o
Compiling /home/bruns/Documents/anonymos-dmd/druntime/src/core/sys/windows/imagehlp.d -> build/imagehlp.o
Compiling /home/bruns/Documents/anonymos-dmd/druntime/src/core/sys/windows/lmalert.d -> build/lmalert.o
Compiling /home/bruns/Documents/anonymos-dmd/druntime/src/core/sys/windows/ocidl.d -> build/ocidl.o
Compiling /home/bruns/Documents/anonymos-dmd/druntime/src/core/sys/windows/winsvc.d -> build/winsvc.o
Compiling /home/bruns/Documents/anonymos-dmd/druntime/src/core/sys/windows/sqlext.d -> build/sqlext.o
Compiling /home/bruns/Documents/anonymos-dmd/druntime/src/core/sys/windows/dbghelp_types.d -> build/dbghelp_types.o
Compiling /home/bruns/Documents/anonymos-dmd/druntime/src/core/sys/windows/richole.d -> build/richole.o
Compiling /home/bruns/Documents/anonymos-dmd/druntime/src/core/sys/windows/ntsecpkg.d -> build/ntsecpkg.o
Compiling /home/bruns/Documents/anonymos-dmd/druntime/src/core/sys/windows/dlgs.d -> build/dlgs.o
Compiling /home/bruns/Documents/anonymos-dmd/druntime/src/core/sys/windows/winperf.d -> build/winperf.o
Compiling /home/bruns/Documents/anonymos-dmd/druntime/src/core/sys/windows/odbcinst.d -> build/odbcinst.o
Compiling /home/bruns/Documents/anonymos-dmd/druntime/src/core/sys/windows/windef.d -> build/windef.o
Compiling /home/bruns/Documents/anonymos-dmd/druntime/src/core/sys/windows/winber.d -> build/winber.o
Compiling /home/bruns/Documents/anonymos-dmd/druntime/src/core/sys/windows/vfw.d -> build/vfw.o
Compiling /home/bruns/Documents/anonymos-dmd/druntime/src/core/sys/windows/ntldap.d -> build/ntldap.o
Compiling /home/bruns/Documents/anonymos-dmd/druntime/src/core/sys/windows/psapi.d -> build/psapi.o
Compiling /home/bruns/Documents/anonymos-dmd/druntime/src/core/sys/windows/sdkddkver.d -> build/sdkddkver.o
Compiling /home/bruns/Documents/anonymos-dmd/druntime/src/core/sys/windows/winspool.d -> build/winspool.o
Compiling /home/bruns/Documents/anonymos-dmd/druntime/src/core/sys/windows/dbt.d -> build/dbt.o
Compiling /home/bruns/Documents/anonymos-dmd/druntime/src/core/sys/windows/powrprof.d -> build/powrprof.o
Compiling /home/bruns/Documents/anonymos-dmd/druntime/src/core/sys/windows/sqltypes.d -> build/sqltypes.o
Compiling /home/bruns/Documents/anonymos-dmd/druntime/src/core/sys/windows/rpc.d -> build/rpc.o
Compiling /home/bruns/Documents/anonymos-dmd/druntime/src/core/sys/windows/shellapi.d -> build/shellapi.o
Compiling /home/bruns/Documents/anonymos-dmd/druntime/src/core/sys/windows/httpext.d -> build/httpext.o
Compiling /home/bruns/Documents/anonymos-dmd/druntime/src/core/sys/windows/oledlg.d -> build/oledlg.o
Compiling /home/bruns/Documents/anonymos-dmd/druntime/src/core/sys/windows/lmbrowsr.d -> build/lmbrowsr.o
Compiling /home/bruns/Documents/anonymos-dmd/druntime/src/core/sys/windows/wincrypt.d -> build/wincrypt.o
Compiling /home/bruns/Documents/anonymos-dmd/druntime/src/core/sys/windows/mgmtapi.d -> build/mgmtapi.o
Compiling /home/bruns/Documents/anonymos-dmd/druntime/src/core/sys/windows/lmconfig.d -> build/lmconfig.o
Compiling /home/bruns/Documents/anonymos-dmd/druntime/src/core/sys/windows/dde.d -> build/dde.o
Compiling /home/bruns/Documents/anonymos-dmd/druntime/src/core/sys/windows/rpcndr.d -> build/rpcndr.o
Compiling /home/bruns/Documents/anonymos-dmd/druntime/src/core/sys/windows/unknwn.d -> build/unknwn.o
Compiling /home/bruns/Documents/anonymos-dmd/druntime/src/core/sys/windows/basetyps.d -> build/basetyps.o
Compiling /home/bruns/Documents/anonymos-dmd/druntime/src/core/sys/windows/shlwapi.d -> build/shlwapi.o
Compiling /home/bruns/Documents/anonymos-dmd/druntime/src/core/sys/windows/lmuseflg.d -> build/lmuseflg.o
Compiling /home/bruns/Documents/anonymos-dmd/druntime/src/core/sys/windows/mmsystem.d -> build/mmsystem.o
Compiling /home/bruns/Documents/anonymos-dmd/druntime/src/core/sys/windows/mcx.d -> build/mcx.o
Compiling /home/bruns/Documents/anonymos-dmd/druntime/src/core/sys/windows/oaidl.d -> build/oaidl.o
Compiling /home/bruns/Documents/anonymos-dmd/druntime/src/core/sys/windows/olectl.d -> build/olectl.o
Compiling /home/bruns/Documents/anonymos-dmd/druntime/src/core/sys/windows/sql.d -> build/sql.o
Compiling /home/bruns/Documents/anonymos-dmd/druntime/src/core/sys/windows/shlobj.d -> build/shlobj.o
Compiling /home/bruns/Documents/anonymos-dmd/druntime/src/core/sys/windows/lmaccess.d -> build/lmaccess.o
Compiling /home/bruns/Documents/anonymos-dmd/druntime/src/core/sys/windows/rpcnterr.d -> build/rpcnterr.o
Compiling /home/bruns/Documents/anonymos-dmd/druntime/src/core/sys/windows/ole.d -> build/ole.o
Compiling /home/bruns/Documents/anonymos-dmd/druntime/src/core/sys/windows/commdlg.d -> build/commdlg.o
Compiling /home/bruns/Documents/anonymos-dmd/druntime/src/core/sys/windows/prsht.d -> build/prsht.o
Compiling /home/bruns/Documents/anonymos-dmd/druntime/src/core/sys/windows/ras.d -> build/ras.o
Compiling /home/bruns/Documents/anonymos-dmd/druntime/src/core/sys/windows/comcat.d -> build/comcat.o
Compiling /home/bruns/Documents/anonymos-dmd/druntime/src/core/sys/windows/oleidl.d -> build/oleidl.o
Compiling /home/bruns/Documents/anonymos-dmd/druntime/src/core/sys/windows/oleauto.d -> build/oleauto.o
Compiling /home/bruns/Documents/anonymos-dmd/druntime/src/core/sys/windows/uuid.d -> build/uuid.o
Compiling /home/bruns/Documents/anonymos-dmd/druntime/src/core/sys/windows/lmerr.d -> build/lmerr.o
Compiling /home/bruns/Documents/anonymos-dmd/druntime/src/core/sys/windows/ipifcons.d -> build/ipifcons.o
Compiling /home/bruns/Documents/anonymos-dmd/druntime/src/core/sys/windows/lmcons.d -> build/lmcons.o
Compiling /home/bruns/Documents/anonymos-dmd/druntime/src/core/sys/windows/oleacc.d -> build/oleacc.o
Compiling /home/bruns/Documents/anonymos-dmd/druntime/src/core/sys/windows/ole2.d -> build/ole2.o
Compiling /home/bruns/Documents/anonymos-dmd/druntime/src/core/sys/windows/ipexport.d -> build/ipexport.o
Compiling /home/bruns/Documents/anonymos-dmd/druntime/src/core/sys/windows/rapi.d -> build/rapi.o
Compiling /home/bruns/Documents/anonymos-dmd/druntime/src/core/sys/windows/lmchdev.d -> build/lmchdev.o
Compiling /home/bruns/Documents/anonymos-dmd/druntime/src/core/sys/windows/imm.d -> build/imm.o
Compiling /home/bruns/Documents/anonymos-dmd/druntime/src/core/sys/windows/rpcnsi.d -> build/rpcnsi.o
Compiling /home/bruns/Documents/anonymos-dmd/druntime/src/core/sys/windows/schannel.d -> build/schannel.o
Compiling /home/bruns/Documents/anonymos-dmd/druntime/src/core/sys/windows/cguid.d -> build/cguid.o
Compiling /home/bruns/Documents/anonymos-dmd/druntime/src/core/sys/windows/objsafe.d -> build/objsafe.o
Compiling /home/bruns/Documents/anonymos-dmd/druntime/src/core/sys/windows/sqlucode.d -> build/sqlucode.o
Compiling /home/bruns/Documents/anonymos-dmd/druntime/src/core/sys/windows/regstr.d -> build/regstr.o
Compiling /home/bruns/Documents/anonymos-dmd/druntime/src/core/sys/windows/mapi.d -> build/mapi.o
Compiling /home/bruns/Documents/anonymos-dmd/druntime/src/core/sys/windows/custcntl.d -> build/custcntl.o
Compiling /home/bruns/Documents/anonymos-dmd/druntime/src/core/sys/windows/dbghelp.d -> build/dbghelp.o
Compiling /home/bruns/Documents/anonymos-dmd/druntime/src/core/sys/windows/lmuse.d -> build/lmuse.o
Compiling /home/bruns/Documents/anonymos-dmd/druntime/src/core/sys/windows/stat.d -> build/stat.o
Compiling /home/bruns/Documents/anonymos-dmd/druntime/src/core/sys/windows/lzexpand.d -> build/lzexpand.o
Compiling /home/bruns/Documents/anonymos-dmd/druntime/src/core/sys/windows/objbase.d -> build/objbase.o
Compiling /home/bruns/Documents/anonymos-dmd/druntime/src/core/sys/windows/bcrypt.d -> build/bcrypt.o
Compiling /home/bruns/Documents/anonymos-dmd/druntime/src/core/sys/windows/lmsname.d -> build/lmsname.o
Compiling /home/bruns/Documents/anonymos-dmd/druntime/src/core/sys/windows/security.d -> build/security.o
Compiling /home/bruns/Documents/anonymos-dmd/druntime/src/core/sys/windows/aclapi.d -> build/aclapi.o
Compiling /home/bruns/Documents/anonymos-dmd/druntime/src/core/sys/windows/rpcnsip.d -> build/rpcnsip.o
Compiling /home/bruns/Documents/anonymos-dmd/druntime/src/core/sys/windows/lm.d -> build/lm.o
Compiling /home/bruns/Documents/anonymos-dmd/druntime/src/core/sys/windows/rpcdce2.d -> build/rpcdce2.o
Compiling /home/bruns/Documents/anonymos-dmd/druntime/src/core/sys/windows/lmsvc.d -> build/lmsvc.o
Compiling /home/bruns/Documents/anonymos-dmd/druntime/src/core/sys/windows/commctrl.d -> build/commctrl.o
Compiling /home/bruns/Documents/anonymos-dmd/druntime/src/core/sys/windows/raserror.d -> build/raserror.o
Compiling /home/bruns/Documents/anonymos-dmd/druntime/src/core/sys/windows/windows.d -> build/windows.o
Compiling /home/bruns/Documents/anonymos-dmd/druntime/src/core/sys/windows/objfwd.d -> build/objfwd.o
Compiling /home/bruns/Documents/anonymos-dmd/druntime/src/core/sys/windows/winerror.d -> build/winerror.o
Compiling /home/bruns/Documents/anonymos-dmd/druntime/src/core/sys/windows/docobj.d -> build/docobj.o
Compiling /home/bruns/Documents/anonymos-dmd/druntime/src/core/sys/windows/ddeml.d -> build/ddeml.o
Compiling /home/bruns/Documents/anonymos-dmd/druntime/src/core/sys/windows/accctrl.d -> build/accctrl.o
Compiling /home/bruns/Documents/anonymos-dmd/druntime/src/core/sys/windows/rpcdcep.d -> build/rpcdcep.o
Compiling /home/bruns/Documents/anonymos-dmd/druntime/src/core/sys/windows/nb30.d -> build/nb30.o
Compiling /home/bruns/Documents/anonymos-dmd/druntime/src/core/sys/windows/intshcut.d -> build/intshcut.o
Compiling /home/bruns/Documents/anonymos-dmd/druntime/src/core/sys/windows/lmerrlog.d -> build/lmerrlog.o
Compiling /home/bruns/Documents/anonymos-dmd/druntime/src/core/sys/windows/isguids.d -> build/isguids.o
Compiling /home/bruns/Documents/anonymos-dmd/druntime/src/core/sys/windows/mshtml.d -> build/mshtml.o
Compiling /home/bruns/Documents/anonymos-dmd/druntime/src/core/sys/windows/com.d -> build/com.o
Compiling /home/bruns/Documents/anonymos-dmd/druntime/src/core/sys/windows/core.d -> build/core.o
Compiling /home/bruns/Documents/anonymos-dmd/druntime/src/core/sys/windows/w32api.d -> build/w32api.o
Compiling /home/bruns/Documents/anonymos-dmd/druntime/src/core/sys/windows/ntdef.d -> build/ntdef.o
Compiling /home/bruns/Documents/anonymos-dmd/druntime/src/core/sys/windows/tmschema.d -> build/tmschema.o
Compiling /home/bruns/Documents/anonymos-dmd/druntime/src/core/sys/windows/lmwksta.d -> build/lmwksta.o
Compiling /home/bruns/Documents/anonymos-dmd/druntime/src/core/sys/windows/pbt.d -> build/pbt.o
Compiling /home/bruns/Documents/anonymos-dmd/druntime/src/core/sys/windows/ole2ver.d -> build/ole2ver.o
Compiling /home/bruns/Documents/anonymos-dmd/druntime/src/core/sys/windows/servprov.d -> build/servprov.o
Compiling /home/bruns/Documents/anonymos-dmd/druntime/src/core/sys/windows/wininet.d -> build/wininet.o
Compiling /home/bruns/Documents/anonymos-dmd/druntime/src/core/sys/windows/winuser.d -> build/winuser.o
Compiling /home/bruns/Documents/anonymos-dmd/druntime/src/core/sys/windows/setupapi.d -> build/setupapi.o
Compiling /home/bruns/Documents/anonymos-dmd/druntime/src/core/sys/darwin/err.d -> build/err.o
Compiling /home/bruns/Documents/anonymos-dmd/druntime/src/core/sys/darwin/fcntl.d -> build/fcntl.o
Compiling /home/bruns/Documents/anonymos-dmd/druntime/src/core/sys/darwin/crt_externs.d -> build/crt_externs.o
Compiling /home/bruns/Documents/anonymos-dmd/druntime/src/core/sys/darwin/mach/dyld.d -> build/dyld.o
Compiling /home/bruns/Documents/anonymos-dmd/druntime/src/core/sys/darwin/mach/semaphore.d -> build/semaphore.o
Compiling /home/bruns/Documents/anonymos-dmd/druntime/src/core/sys/darwin/mach/nlist.d -> build/nlist.o
Compiling /home/bruns/Documents/anonymos-dmd/druntime/src/core/sys/darwin/mach/loader.d -> build/loader.o
Compiling /home/bruns/Documents/anonymos-dmd/druntime/src/core/sys/darwin/mach/kern_return.d -> build/kern_return.o
Compiling /home/bruns/Documents/anonymos-dmd/druntime/src/core/sys/darwin/mach/port.d -> build/port.o
Compiling /home/bruns/Documents/anonymos-dmd/druntime/src/core/sys/darwin/mach/thread_act.d -> build/thread_act.o
Compiling /home/bruns/Documents/anonymos-dmd/druntime/src/core/sys/darwin/mach/getsect.d -> build/getsect.o
Compiling /home/bruns/Documents/anonymos-dmd/druntime/src/core/sys/darwin/mach/stab.d -> build/stab.o
Compiling /home/bruns/Documents/anonymos-dmd/druntime/src/core/sys/darwin/ifaddrs.d -> build/ifaddrs.o
Compiling /home/bruns/Documents/anonymos-dmd/druntime/src/core/sys/darwin/pthread.d -> build/pthread.o
Compiling /home/bruns/Documents/anonymos-dmd/druntime/src/core/sys/darwin/sys/mman.d -> build/mman.o
Compiling /home/bruns/Documents/anonymos-dmd/druntime/src/core/sys/darwin/sys/cdefs.d -> build/cdefs.o
Compiling /home/bruns/Documents/anonymos-dmd/druntime/src/core/sys/darwin/sys/attr.d -> build/attr.o
Compiling /home/bruns/Documents/anonymos-dmd/druntime/src/core/sys/darwin/sys/sysctl.d -> build/sysctl.o
Compiling /home/bruns/Documents/anonymos-dmd/druntime/src/core/sys/darwin/sys/event.d -> build/event.o
Compiling /home/bruns/Documents/anonymos-dmd/druntime/src/core/sys/darwin/stdlib.d -> build/stdlib.o
Compiling /home/bruns/Documents/anonymos-dmd/druntime/src/core/sys/darwin/string.d -> build/string.o
Compiling /home/bruns/Documents/anonymos-dmd/druntime/src/core/sys/darwin/netinet/in_.d -> build/in_.o
Compiling /home/bruns/Documents/anonymos-dmd/druntime/src/core/sys/darwin/execinfo.d -> build/execinfo.o
Compiling /home/bruns/Documents/anonymos-dmd/druntime/src/core/sys/darwin/dlfcn.d -> build/dlfcn.o
Compiling /home/bruns/Documents/anonymos-dmd/druntime/src/core/sys/elf/package.d -> build/package.o
Compiling /home/bruns/Documents/anonymos-dmd/druntime/src/core/sys/freebsd/err.d -> build/err.o
Compiling /home/bruns/Documents/anonymos-dmd/druntime/src/core/sys/freebsd/ifaddrs.d -> build/ifaddrs.o
Compiling /home/bruns/Documents/anonymos-dmd/druntime/src/core/sys/freebsd/mqueue.d -> build/mqueue.o
Compiling /home/bruns/Documents/anonymos-dmd/druntime/src/core/sys/freebsd/unistd.d -> build/unistd.o
Compiling /home/bruns/Documents/anonymos-dmd/druntime/src/core/sys/freebsd/sys/elf.d -> build/elf.o
Compiling /home/bruns/Documents/anonymos-dmd/druntime/src/core/sys/freebsd/sys/mman.d -> build/mman.o
Compiling /home/bruns/Documents/anonymos-dmd/druntime/src/core/sys/freebsd/sys/cdefs.d -> build/cdefs.o
Compiling /home/bruns/Documents/anonymos-dmd/druntime/src/core/sys/freebsd/sys/mount.d -> build/mount.o
Compiling /home/bruns/Documents/anonymos-dmd/druntime/src/core/sys/freebsd/sys/_bitset.d -> build/_bitset.o
Compiling /home/bruns/Documents/anonymos-dmd/druntime/src/core/sys/freebsd/sys/elf64.d -> build/elf64.o
Compiling /home/bruns/Documents/anonymos-dmd/druntime/src/core/sys/freebsd/sys/socket.d -> build/socket.o
Compiling /home/bruns/Documents/anonymos-dmd/druntime/src/core/sys/freebsd/sys/link_elf.d -> build/link_elf.o
Compiling /home/bruns/Documents/anonymos-dmd/druntime/src/core/sys/freebsd/sys/elf32.d -> build/elf32.o
Compiling /home/bruns/Documents/anonymos-dmd/druntime/src/core/sys/freebsd/sys/types.d -> build/types.o
Compiling /home/bruns/Documents/anonymos-dmd/druntime/src/core/sys/freebsd/sys/_cpuset.d -> build/_cpuset.o
Compiling /home/bruns/Documents/anonymos-dmd/druntime/src/core/sys/freebsd/sys/elf_common.d -> build/elf_common.o
Compiling /home/bruns/Documents/anonymos-dmd/druntime/src/core/sys/freebsd/sys/sysctl.d -> build/sysctl.o
Compiling /home/bruns/Documents/anonymos-dmd/druntime/src/core/sys/freebsd/sys/event.d -> build/event.o
Compiling /home/bruns/Documents/anonymos-dmd/druntime/src/core/sys/freebsd/stdlib.d -> build/stdlib.o
Compiling /home/bruns/Documents/anonymos-dmd/druntime/src/core/sys/freebsd/string.d -> build/string.o
Compiling /home/bruns/Documents/anonymos-dmd/druntime/src/core/sys/freebsd/netinet/in_.d -> build/in_.o
Compiling /home/bruns/Documents/anonymos-dmd/druntime/src/core/sys/freebsd/execinfo.d -> build/execinfo.o
Compiling /home/bruns/Documents/anonymos-dmd/druntime/src/core/sys/freebsd/net/if_dl.d -> build/if_dl.o
Compiling /home/bruns/Documents/anonymos-dmd/druntime/src/core/sys/freebsd/net/if_.d -> build/if_.o
Compiling /home/bruns/Documents/anonymos-dmd/druntime/src/core/sys/freebsd/config.d -> build/config.o
Compiling /home/bruns/Documents/anonymos-dmd/druntime/src/core/sys/freebsd/time.d -> build/time.o
Compiling /home/bruns/Documents/anonymos-dmd/druntime/src/core/sys/freebsd/pthread_np.d -> build/pthread_np.o
Compiling /home/bruns/Documents/anonymos-dmd/druntime/src/core/sys/freebsd/dlfcn.d -> build/dlfcn.o
Compiling /home/bruns/Documents/anonymos-dmd/druntime/src/core/sys/linux/sched.d -> build/sched.o
Compiling /home/bruns/Documents/anonymos-dmd/druntime/src/core/sys/linux/err.d -> build/err.o
Compiling /home/bruns/Documents/anonymos-dmd/druntime/src/core/sys/linux/fcntl.d -> build/fcntl.o
Compiling /home/bruns/Documents/anonymos-dmd/druntime/src/core/sys/linux/elf.d -> build/elf.o
Compiling /home/bruns/Documents/anonymos-dmd/druntime/src/core/sys/linux/io_uring.d -> build/io_uring.o
Compiling /home/bruns/Documents/anonymos-dmd/druntime/src/core/sys/linux/link.d -> build/link.o
Compiling /home/bruns/Documents/anonymos-dmd/druntime/src/core/sys/linux/stdio.d -> build/stdio.o
Compiling /home/bruns/Documents/anonymos-dmd/druntime/src/core/sys/linux/tipc.d -> build/tipc.o
Compiling /home/bruns/Documents/anonymos-dmd/druntime/src/core/sys/linux/input.d -> build/input.o
Compiling /home/bruns/Documents/anonymos-dmd/druntime/src/core/sys/linux/ifaddrs.d -> build/ifaddrs.o
Compiling /home/bruns/Documents/anonymos-dmd/druntime/src/core/sys/linux/perf_event.d -> build/perf_event.o
Compiling /home/bruns/Documents/anonymos-dmd/druntime/src/core/sys/linux/timerfd.d -> build/timerfd.o
Compiling /home/bruns/Documents/anonymos-dmd/druntime/src/core/sys/linux/errno.d -> build/errno.o
Compiling /home/bruns/Documents/anonymos-dmd/druntime/src/core/sys/linux/unistd.d -> build/unistd.o
Compiling /home/bruns/Documents/anonymos-dmd/druntime/src/core/sys/linux/linux/if_arp.d -> build/if_arp.o
Compiling /home/bruns/Documents/anonymos-dmd/druntime/src/core/sys/linux/linux/if_packet.d -> build/if_packet.o
Compiling /home/bruns/Documents/anonymos-dmd/druntime/src/core/sys/linux/uinput.d -> build/uinput.o
Compiling /home/bruns/Documents/anonymos-dmd/druntime/src/core/sys/linux/sys/signalfd.d -> build/signalfd.o
Compiling /home/bruns/Documents/anonymos-dmd/druntime/src/core/sys/linux/sys/prctl.d -> build/prctl.o
Compiling /home/bruns/Documents/anonymos-dmd/druntime/src/core/sys/linux/sys/sysinfo.d -> build/sysinfo.o
Compiling /home/bruns/Documents/anonymos-dmd/druntime/src/core/sys/linux/sys/mman.d -> build/mman.o
Compiling /home/bruns/Documents/anonymos-dmd/druntime/src/core/sys/linux/sys/mount.d -> build/mount.o
Compiling /home/bruns/Documents/anonymos-dmd/druntime/src/core/sys/linux/sys/file.d -> build/file.o
Compiling /home/bruns/Documents/anonymos-dmd/druntime/src/core/sys/linux/sys/inotify.d -> build/inotify.o
Compiling /home/bruns/Documents/anonymos-dmd/druntime/src/core/sys/linux/sys/auxv.d -> build/auxv.o
Compiling /home/bruns/Documents/anonymos-dmd/druntime/src/core/sys/linux/sys/socket.d -> build/socket.o
Compiling /home/bruns/Documents/anonymos-dmd/druntime/src/core/sys/linux/sys/xattr.d -> build/xattr.o
Compiling /home/bruns/Documents/anonymos-dmd/druntime/src/core/sys/linux/sys/eventfd.d -> build/eventfd.o
Compiling /home/bruns/Documents/anonymos-dmd/druntime/src/core/sys/linux/sys/time.d -> build/time.o
Compiling /home/bruns/Documents/anonymos-dmd/druntime/src/core/sys/linux/sys/syscall.d -> build/syscall.o
Compiling /home/bruns/Documents/anonymos-dmd/druntime/src/core/sys/linux/sys/procfs.d -> build/procfs.o
Compiling /home/bruns/Documents/anonymos-dmd/druntime/src/core/sys/linux/string.d -> build/string.o
Compiling /home/bruns/Documents/anonymos-dmd/druntime/src/core/sys/linux/netinet/in_.d -> build/in_.o
Compiling /home/bruns/Documents/anonymos-dmd/druntime/src/core/sys/linux/netinet/tcp.d -> build/tcp.o
Compiling /home/bruns/Documents/anonymos-dmd/druntime/src/core/sys/linux/execinfo.d -> build/execinfo.o
Compiling /home/bruns/Documents/anonymos-dmd/druntime/src/core/sys/linux/termios.d -> build/termios.o
Compiling /home/bruns/Documents/anonymos-dmd/druntime/src/core/sys/linux/config.d -> build/config.o
Compiling /home/bruns/Documents/anonymos-dmd/druntime/src/core/sys/linux/time.d -> build/time.o
Compiling /home/bruns/Documents/anonymos-dmd/druntime/src/core/sys/linux/syscall.d -> build/syscall.o
Compiling /home/bruns/Documents/anonymos-dmd/druntime/src/core/sys/linux/input_event_codes.d -> build/input_event_codes.o
Compiling /home/bruns/Documents/anonymos-dmd/druntime/src/core/sys/linux/fs.d -> build/fs.o
Compiling /home/bruns/Documents/anonymos-dmd/druntime/src/core/sys/linux/epoll.d -> build/epoll.o
Compiling /home/bruns/Documents/anonymos-dmd/druntime/src/core/sys/linux/dlfcn.d -> build/dlfcn.o
Compiling /home/bruns/Documents/anonymos-dmd/druntime/src/core/sys/bionic/err.d -> build/err.o
Compiling /home/bruns/Documents/anonymos-dmd/druntime/src/core/sys/bionic/fcntl.d -> build/fcntl.o
Compiling /home/bruns/Documents/anonymos-dmd/druntime/src/core/sys/bionic/unistd.d -> build/unistd.o
Compiling /home/bruns/Documents/anonymos-dmd/druntime/src/core/sys/bionic/stdlib.d -> build/stdlib.o
Compiling /home/bruns/Documents/anonymos-dmd/druntime/src/core/sys/bionic/string.d -> build/string.o
Compiling /home/bruns/Documents/anonymos-dmd/druntime/src/core/demangle.d -> build/demangle.o
Compiling /home/bruns/Documents/anonymos-dmd/druntime/src/core/runtime.d -> build/runtime.o
Compiling /home/bruns/Documents/anonymos-dmd/druntime/src/core/volatile.d -> build/volatile.o
Compiling /home/bruns/Documents/anonymos-dmd/druntime/src/core/internal/attributes.d -> build/attributes.o
Compiling /home/bruns/Documents/anonymos-dmd/druntime/src/core/internal/parseoptions.d -> build/parseoptions.o
Compiling /home/bruns/Documents/anonymos-dmd/druntime/src/core/internal/abort.d -> build/abort.o
Compiling /home/bruns/Documents/anonymos-dmd/druntime/src/core/internal/lifetime.d -> build/lifetime.o
Compiling /home/bruns/Documents/anonymos-dmd/druntime/src/core/internal/destruction.d -> build/destruction.o
Compiling /home/bruns/Documents/anonymos-dmd/druntime/src/core/internal/qsort.d -> build/qsort.o
Compiling /home/bruns/Documents/anonymos-dmd/druntime/src/core/internal/traits.d -> build/traits.o
Compiling /home/bruns/Documents/anonymos-dmd/druntime/src/core/internal/container/hashtab.d -> build/hashtab.o
Compiling /home/bruns/Documents/anonymos-dmd/druntime/src/core/internal/container/common.d -> build/common.o
Compiling /home/bruns/Documents/anonymos-dmd/druntime/src/core/internal/container/array.d -> build/array.o
Compiling /home/bruns/Documents/anonymos-dmd/druntime/src/core/internal/container/treap.d -> build/treap.o
Compiling /home/bruns/Documents/anonymos-dmd/druntime/src/core/internal/postblit.d -> build/postblit.o
Compiling /home/bruns/Documents/anonymos-dmd/druntime/src/core/internal/vararg/sysv_x64.d -> build/sysv_x64.o
Compiling /home/bruns/Documents/anonymos-dmd/druntime/src/core/internal/vararg/aarch64.d -> build/aarch64.o
Compiling /home/bruns/Documents/anonymos-dmd/druntime/src/core/internal/convert.d -> build/convert.o
Compiling /home/bruns/Documents/anonymos-dmd/druntime/src/core/internal/elf/io.d -> build/io.o
Compiling /home/bruns/Documents/anonymos-dmd/druntime/src/core/internal/elf/dl.d -> build/dl.o
Compiling /home/bruns/Documents/anonymos-dmd/druntime/src/core/internal/spinlock.d -> build/spinlock.o
Compiling /home/bruns/Documents/anonymos-dmd/druntime/src/core/internal/cast_.d -> build/cast_.o
Compiling /home/bruns/Documents/anonymos-dmd/druntime/src/core/internal/newaa.d -> build/newaa.o
Compiling /home/bruns/Documents/anonymos-dmd/druntime/src/core/internal/array/construction.d -> build/construction.o
Compiling /home/bruns/Documents/anonymos-dmd/druntime/src/core/internal/array/concatenation.d -> build/concatenation.o
Compiling /home/bruns/Documents/anonymos-dmd/druntime/src/core/internal/array/operations.d -> build/operations.o
Compiling /home/bruns/Documents/anonymos-dmd/druntime/src/core/internal/array/casting.d -> build/casting.o
Compiling /home/bruns/Documents/anonymos-dmd/druntime/src/core/internal/array/comparison.d -> build/comparison.o
Compiling /home/bruns/Documents/anonymos-dmd/druntime/src/core/internal/array/utils.d -> build/utils.o
Compiling /home/bruns/Documents/anonymos-dmd/druntime/src/core/internal/array/appending.d -> build/appending.o
Compiling /home/bruns/Documents/anonymos-dmd/druntime/src/core/internal/array/capacity.d -> build/capacity.o
Compiling /home/bruns/Documents/anonymos-dmd/druntime/src/core/internal/array/equality.d -> build/equality.o
Compiling /home/bruns/Documents/anonymos-dmd/druntime/src/core/internal/array/arrayassign.d -> build/arrayassign.o
Compiling /home/bruns/Documents/anonymos-dmd/druntime/src/core/internal/array/duplication.d -> build/duplication.o
Compiling /home/bruns/Documents/anonymos-dmd/druntime/src/core/internal/utf.d -> build/utf.o
Compiling /home/bruns/Documents/anonymos-dmd/druntime/src/core/internal/moving.d -> build/moving.o
Compiling /home/bruns/Documents/anonymos-dmd/druntime/src/core/internal/switch_.d -> build/switch_.o
Compiling /home/bruns/Documents/anonymos-dmd/druntime/src/core/internal/string.d -> build/string.o
Compiling /home/bruns/Documents/anonymos-dmd/druntime/src/core/internal/entrypoint.d -> build/entrypoint.o
Compiling /home/bruns/Documents/anonymos-dmd/druntime/src/core/internal/execinfo.d -> build/execinfo.o
Compiling /home/bruns/Documents/anonymos-dmd/druntime/src/core/internal/hash.d -> build/hash.o
Compiling /home/bruns/Documents/anonymos-dmd/druntime/src/core/internal/dassert.d -> build/dassert.o
Compiling /home/bruns/Documents/anonymos-dmd/druntime/src/core/internal/gc/os.d -> build/os.o
Compiling /home/bruns/Documents/anonymos-dmd/druntime/src/core/internal/gc/pooltable.d -> build/pooltable.o
Compiling /home/bruns/Documents/anonymos-dmd/druntime/src/core/internal/gc/blkcache.d -> build/blkcache.o
Compiling /home/bruns/Documents/anonymos-dmd/druntime/src/core/internal/gc/proxy.d -> build/proxy.o
Compiling /home/bruns/Documents/anonymos-dmd/druntime/src/core/internal/gc/bits.d -> build/bits.o
Compiling /home/bruns/Documents/anonymos-dmd/druntime/src/core/internal/gc/impl/manual/gc.d -> build/gc.o
Compiling /home/bruns/Documents/anonymos-dmd/druntime/src/core/internal/gc/impl/conservative/gc.d -> build/gc.o
Compiling /home/bruns/Documents/anonymos-dmd/druntime/src/core/internal/gc/impl/proto/gc.d -> build/gc.o
Compiling /home/bruns/Documents/anonymos-dmd/druntime/src/core/internal/gc/blockmeta.d -> build/blockmeta.o
Compiling /home/bruns/Documents/anonymos-dmd/druntime/src/core/internal/atomic.d -> build/atomic.o
Compiling /home/bruns/Documents/anonymos-dmd/druntime/src/core/internal/backtrace/elf.d -> build/elf.o
Compiling /home/bruns/Documents/anonymos-dmd/druntime/src/core/internal/backtrace/unwind.d -> build/unwind.o
Compiling /home/bruns/Documents/anonymos-dmd/druntime/src/core/internal/backtrace/macho.d -> build/macho.o
Compiling /home/bruns/Documents/anonymos-dmd/druntime/src/core/internal/backtrace/libunwind.d -> build/libunwind.o
Compiling /home/bruns/Documents/anonymos-dmd/druntime/src/core/internal/backtrace/dwarf.d -> build/dwarf.o
Compiling /home/bruns/Documents/anonymos-dmd/druntime/src/core/internal/util/math.d -> build/math.o
Compiling /home/bruns/Documents/anonymos-dmd/druntime/src/core/internal/util/array.d -> build/array.o
Compiling /home/bruns/Documents/anonymos-dmd/druntime/src/core/builtins.d -> build/builtins.o
Compiling /home/bruns/Documents/anonymos-dmd/druntime/src/core/time.d -> build/time.o
Compiling /home/bruns/Documents/anonymos-dmd/druntime/src/core/vararg.d -> build/vararg.o
Compiling /home/bruns/Documents/anonymos-dmd/druntime/src/core/interpolation.d -> build/interpolation.o
Compiling /home/bruns/Documents/anonymos-dmd/druntime/src/core/gc/gcinterface.d -> build/gcinterface.o
Compiling /home/bruns/Documents/anonymos-dmd/druntime/src/core/gc/registry.d -> build/registry.o
Compiling /home/bruns/Documents/anonymos-dmd/druntime/src/core/gc/config.d -> build/config.o
Compiling /home/bruns/Documents/anonymos-dmd/druntime/src/core/sync/semaphore.d -> build/semaphore.o
Compiling /home/bruns/Documents/anonymos-dmd/druntime/src/core/sync/package.d -> build/package.o
Compiling /home/bruns/Documents/anonymos-dmd/druntime/src/core/sync/rwmutex.d -> build/rwmutex.o
Compiling /home/bruns/Documents/anonymos-dmd/druntime/src/core/sync/condition.d -> build/condition.o
Compiling /home/bruns/Documents/anonymos-dmd/druntime/src/core/sync/mutex.d -> build/mutex.o
Compiling /home/bruns/Documents/anonymos-dmd/druntime/src/core/sync/barrier.d -> build/barrier.o
Compiling /home/bruns/Documents/anonymos-dmd/druntime/src/core/sync/config.d -> build/config.o
Compiling /home/bruns/Documents/anonymos-dmd/druntime/src/core/sync/event.d -> build/event.o
Compiling /home/bruns/Documents/anonymos-dmd/druntime/src/core/sync/exception.d -> build/exception.o
Compiling /home/bruns/Documents/anonymos-dmd/druntime/src/core/atomic.d -> build/atomic.o
Compiling /home/bruns/Documents/anonymos-dmd/druntime/src/core/exception.d -> build/exception.o
Compiling /home/bruns/Documents/anonymos-dmd/druntime/src/core/attribute.d -> build/attribute.o
Compiling /home/bruns/Documents/anonymos-dmd/druntime/src/object.d -> build/object.o
Compiling /home/bruns/Documents/anonymos-dmd/druntime/src/etc/linux/memoryerror.d -> build/memoryerror.o
Compiling /home/bruns/Documents/anonymos-dmd/druntime/src/etc/valgrind/valgrind.d -> build/valgrind.o

=== Building Phobos subset ===
Compiling /home/bruns/Documents/anonymos-phobos/std/numeric.d -> build/numeric.o
Compiling /home/bruns/Documents/anonymos-phobos/std/bigint.d -> build/bigint.o
Compiling /home/bruns/Documents/anonymos-phobos/std/datetime/timezone.d -> build/timezone.o
Compiling /home/bruns/Documents/anonymos-phobos/std/datetime/package.d -> build/package.o
Compiling /home/bruns/Documents/anonymos-phobos/std/datetime/date.d -> build/date.o
Compiling /home/bruns/Documents/anonymos-phobos/std/datetime/interval.d -> build/interval.o
Compiling /home/bruns/Documents/anonymos-phobos/std/datetime/stopwatch.d -> build/stopwatch.o
Compiling /home/bruns/Documents/anonymos-phobos/std/datetime/systime.d -> build/systime.o
Compiling /home/bruns/Documents/anonymos-phobos/std/typecons.d -> build/typecons.o
Compiling /home/bruns/Documents/anonymos-phobos/std/checkedint.d -> build/checkedint.o
Compiling /home/bruns/Documents/anonymos-phobos/std/stdint.d -> build/stdint.o
Compiling /home/bruns/Documents/anonymos-phobos/std/package.d -> build/package.o
Compiling /home/bruns/Documents/anonymos-phobos/std/traits.d -> build/traits.o
Compiling /home/bruns/Documents/anonymos-phobos/std/csv.d -> build/csv.o
Compiling /home/bruns/Documents/anonymos-phobos/std/int128.d -> build/int128.o
Compiling /home/bruns/Documents/anonymos-phobos/std/stdio.d -> build/stdio.o
Compiling /home/bruns/Documents/anonymos-phobos/std/file.d -> build/file.o
Compiling /home/bruns/Documents/anonymos-phobos/std/parallelism.d -> build/parallelism.o
Compiling /home/bruns/Documents/anonymos-phobos/std/container/util.d -> build/util.o
Compiling /home/bruns/Documents/anonymos-phobos/std/container/package.d -> build/package.o
Compiling /home/bruns/Documents/anonymos-phobos/std/container/dlist.d -> build/dlist.o
Compiling /home/bruns/Documents/anonymos-phobos/std/container/slist.d -> build/slist.o
Compiling /home/bruns/Documents/anonymos-phobos/std/container/array.d -> build/array.o
Compiling /home/bruns/Documents/anonymos-phobos/std/container/binaryheap.d -> build/binaryheap.o
Compiling /home/bruns/Documents/anonymos-phobos/std/container/rbtree.d -> build/rbtree.o
Compiling /home/bruns/Documents/anonymos-phobos/std/windows/charset.d -> build/charset.o
Compiling /home/bruns/Documents/anonymos-phobos/std/windows/registry.d -> build/registry.o
Compiling /home/bruns/Documents/anonymos-phobos/std/windows/syserror.d -> build/syserror.o
Compiling /home/bruns/Documents/anonymos-phobos/std/regex/package.d -> build/package.o
Compiling /home/bruns/Documents/anonymos-phobos/std/regex/internal/thompson.d -> build/thompson.o
Compiling /home/bruns/Documents/anonymos-phobos/std/regex/internal/generator.d -> build/generator.o
Compiling /home/bruns/Documents/anonymos-phobos/std/regex/internal/tests.d -> build/tests.o
Compiling /home/bruns/Documents/anonymos-phobos/std/regex/internal/backtracking.d -> build/backtracking.o
Compiling /home/bruns/Documents/anonymos-phobos/std/regex/internal/parser.d -> build/parser.o
Compiling /home/bruns/Documents/anonymos-phobos/std/regex/internal/kickstart.d -> build/kickstart.o
Compiling /home/bruns/Documents/anonymos-phobos/std/regex/internal/tests2.d -> build/tests2.o
Compiling /home/bruns/Documents/anonymos-phobos/std/regex/internal/ir.d -> build/ir.o
Compiling /home/bruns/Documents/anonymos-phobos/std/concurrency.d -> build/concurrency.o
Compiling /home/bruns/Documents/anonymos-phobos/std/digest/sha.d -> build/sha.o
Compiling /home/bruns/Documents/anonymos-phobos/std/digest/package.d -> build/package.o
Compiling /home/bruns/Documents/anonymos-phobos/std/digest/ripemd.d -> build/ripemd.o
Compiling /home/bruns/Documents/anonymos-phobos/std/digest/md.d -> build/md.o
Compiling /home/bruns/Documents/anonymos-phobos/std/digest/murmurhash.d -> build/murmurhash.o
Compiling /home/bruns/Documents/anonymos-phobos/std/digest/crc.d -> build/crc.o
Compiling /home/bruns/Documents/anonymos-phobos/std/digest/hmac.d -> build/hmac.o
Compiling /home/bruns/Documents/anonymos-phobos/std/compiler.d -> build/compiler.o
Compiling /home/bruns/Documents/anonymos-phobos/std/range/package.d -> build/package.o
Compiling /home/bruns/Documents/anonymos-phobos/std/range/primitives.d -> build/primitives.o
Compiling /home/bruns/Documents/anonymos-phobos/std/range/interfaces.d -> build/interfaces.o
Compiling /home/bruns/Documents/anonymos-phobos/std/meta.d -> build/meta.o
Compiling /home/bruns/Documents/anonymos-phobos/std/variant.d -> build/variant.o
Compiling /home/bruns/Documents/anonymos-phobos/std/socket.d -> build/socket.o
Compiling /home/bruns/Documents/anonymos-phobos/std/sumtype.d -> build/sumtype.o
Compiling /home/bruns/Documents/anonymos-phobos/std/zlib.d -> build/zlib.o
Compiling /home/bruns/Documents/anonymos-phobos/std/zip.d -> build/zip.o
Compiling /home/bruns/Documents/anonymos-phobos/std/format/package.d -> build/package.o
Compiling /home/bruns/Documents/anonymos-phobos/std/format/write.d -> build/write.o
Compiling /home/bruns/Documents/anonymos-phobos/std/format/spec.d -> build/spec.o
Compiling /home/bruns/Documents/anonymos-phobos/std/format/internal/write.d -> build/write.o
Compiling /home/bruns/Documents/anonymos-phobos/std/format/internal/floats.d -> build/floats.o
Compiling /home/bruns/Documents/anonymos-phobos/std/format/internal/read.d -> build/read.o
Compiling /home/bruns/Documents/anonymos-phobos/std/format/read.d -> build/read.o
Compiling /home/bruns/Documents/anonymos-phobos/std/mmfile.d -> build/mmfile.o
Compiling /home/bruns/Documents/anonymos-phobos/std/uri.d -> build/uri.o
Compiling /home/bruns/Documents/anonymos-phobos/std/encoding.d -> build/encoding.o
Compiling /home/bruns/Documents/anonymos-phobos/std/typetuple.d -> build/typetuple.o
Compiling /home/bruns/Documents/anonymos-phobos/std/logger/package.d -> build/package.o
Compiling /home/bruns/Documents/anonymos-phobos/std/logger/filelogger.d -> build/filelogger.o
Compiling /home/bruns/Documents/anonymos-phobos/std/logger/multilogger.d -> build/multilogger.o
Compiling /home/bruns/Documents/anonymos-phobos/std/logger/nulllogger.d -> build/nulllogger.o
Compiling /home/bruns/Documents/anonymos-phobos/std/logger/core.d -> build/core.o
Compiling /home/bruns/Documents/anonymos-phobos/std/utf.d -> build/utf.o
Compiling /home/bruns/Documents/anonymos-phobos/std/signals.d -> build/signals.o
Compiling /home/bruns/Documents/anonymos-phobos/std/functional.d -> build/functional.o
Compiling /home/bruns/Documents/anonymos-phobos/std/random.d -> build/random.o
Compiling /home/bruns/Documents/anonymos-phobos/std/process.d -> build/process.o
Compiling /home/bruns/Documents/anonymos-phobos/std/demangle.d -> build/demangle.o
Compiling /home/bruns/Documents/anonymos-phobos/std/string.d -> build/string.o
Compiling /home/bruns/Documents/anonymos-phobos/std/path.d -> build/path.o
Compiling /home/bruns/Documents/anonymos-phobos/std/uuid.d -> build/uuid.o
Compiling /home/bruns/Documents/anonymos-phobos/std/uni/package.d -> build/package.o
Compiling /home/bruns/Documents/anonymos-phobos/std/bitmanip.d -> build/bitmanip.o
Compiling /home/bruns/Documents/anonymos-phobos/std/array.d -> build/array.o
Compiling /home/bruns/Documents/anonymos-phobos/std/net/curl.d -> build/curl.o
Compiling /home/bruns/Documents/anonymos-phobos/std/net/isemail.d -> build/isemail.o
Compiling /home/bruns/Documents/anonymos-phobos/std/math/trigonometry.d -> build/trigonometry.o
Compiling /home/bruns/Documents/anonymos-phobos/std/math/rounding.d -> build/rounding.o
Compiling /home/bruns/Documents/anonymos-phobos/std/math/package.d -> build/package.o
Compiling /home/bruns/Documents/anonymos-phobos/std/math/traits.d -> build/traits.o
Compiling /home/bruns/Documents/anonymos-phobos/std/math/constants.d -> build/constants.o
Compiling /home/bruns/Documents/anonymos-phobos/std/math/operations.d -> build/operations.o
Compiling /home/bruns/Documents/anonymos-phobos/std/math/hardware.d -> build/hardware.o
Compiling /home/bruns/Documents/anonymos-phobos/std/math/exponential.d -> build/exponential.o
Compiling /home/bruns/Documents/anonymos-phobos/std/math/algebraic.d -> build/algebraic.o
Compiling /home/bruns/Documents/anonymos-phobos/std/math/remainder.d -> build/remainder.o
Compiling /home/bruns/Documents/anonymos-phobos/std/json.d -> build/json.o
Compiling /home/bruns/Documents/anonymos-phobos/std/conv.d -> build/conv.o
Compiling /home/bruns/Documents/anonymos-phobos/std/complex.d -> build/complex.o
Compiling /home/bruns/Documents/anonymos-phobos/std/internal/attributes.d -> build/attributes.o
Compiling /home/bruns/Documents/anonymos-phobos/std/internal/unicode_norm.d -> build/unicode_norm.o
Compiling /home/bruns/Documents/anonymos-phobos/std/internal/cstring.d -> build/cstring.o
Compiling /home/bruns/Documents/anonymos-phobos/std/internal/scopebuffer.d -> build/scopebuffer.o
Compiling /home/bruns/Documents/anonymos-phobos/std/internal/windows/advapi32.d -> build/advapi32.o
Compiling /home/bruns/Documents/anonymos-phobos/std/internal/unicode_tables.d -> build/unicode_tables.o
Compiling /home/bruns/Documents/anonymos-phobos/std/internal/memory.d -> build/memory.o
Compiling /home/bruns/Documents/anonymos-phobos/std/internal/digest/sha_SSSE3.d -> build/sha_SSSE3.o
Compiling /home/bruns/Documents/anonymos-phobos/std/internal/unicode_decomp.d -> build/unicode_decomp.o
Compiling /home/bruns/Documents/anonymos-phobos/std/internal/test/sumtype_example_overloads.d -> build/sumtype_example_overloads.o
Compiling /home/bruns/Documents/anonymos-phobos/std/internal/test/uda.d -> build/uda.o
Compiling /home/bruns/Documents/anonymos-phobos/std/internal/test/dummyrange.d -> build/dummyrange.o
Compiling /home/bruns/Documents/anonymos-phobos/std/internal/test/range.d -> build/range.o
Compiling /home/bruns/Documents/anonymos-phobos/std/internal/math/gammafunction.d -> build/gammafunction.o
Compiling /home/bruns/Documents/anonymos-phobos/std/internal/math/biguintnoasm.d -> build/biguintnoasm.o
Compiling /home/bruns/Documents/anonymos-phobos/std/internal/math/biguintx86.d -> build/biguintx86.o
Compiling /home/bruns/Documents/anonymos-phobos/std/internal/math/errorfunction.d -> build/errorfunction.o
Compiling /home/bruns/Documents/anonymos-phobos/std/internal/math/biguintcore.d -> build/biguintcore.o
Compiling /home/bruns/Documents/anonymos-phobos/std/internal/unicode_comp.d -> build/unicode_comp.o
Compiling /home/bruns/Documents/anonymos-phobos/std/internal/entropy.d -> build/entropy.o
Compiling /home/bruns/Documents/anonymos-phobos/std/internal/unicode_grapheme.d -> build/unicode_grapheme.o
Compiling /home/bruns/Documents/anonymos-phobos/std/ascii.d -> build/ascii.o
Compiling /home/bruns/Documents/anonymos-phobos/std/experimental/checkedint.d -> build/checkedint.o
Compiling /home/bruns/Documents/anonymos-phobos/std/experimental/logger/package.d -> build/package.o
Compiling /home/bruns/Documents/anonymos-phobos/std/experimental/logger/filelogger.d -> build/filelogger.o
Compiling /home/bruns/Documents/anonymos-phobos/std/experimental/logger/multilogger.d -> build/multilogger.o
Compiling /home/bruns/Documents/anonymos-phobos/std/experimental/logger/nulllogger.d -> build/nulllogger.o
Compiling /home/bruns/Documents/anonymos-phobos/std/experimental/logger/core.d -> build/core.o
Compiling /home/bruns/Documents/anonymos-phobos/std/experimental/allocator/common.d -> build/common.o
Compiling /home/bruns/Documents/anonymos-phobos/std/experimental/allocator/mallocator.d -> build/mallocator.o
Compiling /home/bruns/Documents/anonymos-phobos/std/experimental/allocator/showcase.d -> build/showcase.o
Compiling /home/bruns/Documents/anonymos-phobos/std/experimental/allocator/package.d -> build/package.o
Compiling /home/bruns/Documents/anonymos-phobos/std/experimental/allocator/building_blocks/ascending_page_allocator.d -> build/ascending_page_allocator.o
Compiling /home/bruns/Documents/anonymos-phobos/std/experimental/allocator/building_blocks/free_tree.d -> build/free_tree.o
Compiling /home/bruns/Documents/anonymos-phobos/std/experimental/allocator/building_blocks/region.d -> build/region.o
Compiling /home/bruns/Documents/anonymos-phobos/std/experimental/allocator/building_blocks/package.d -> build/package.o
Compiling /home/bruns/Documents/anonymos-phobos/std/experimental/allocator/building_blocks/fallback_allocator.d -> build/fallback_allocator.o
Compiling /home/bruns/Documents/anonymos-phobos/std/experimental/allocator/building_blocks/null_allocator.d -> build/null_allocator.o
Compiling /home/bruns/Documents/anonymos-phobos/std/experimental/allocator/building_blocks/bitmapped_block.d -> build/bitmapped_block.o
Compiling /home/bruns/Documents/anonymos-phobos/std/experimental/allocator/building_blocks/aligned_block_list.d -> build/aligned_block_list.o
Compiling /home/bruns/Documents/anonymos-phobos/std/experimental/allocator/building_blocks/bucketizer.d -> build/bucketizer.o
Compiling /home/bruns/Documents/anonymos-phobos/std/experimental/allocator/building_blocks/affix_allocator.d -> build/affix_allocator.o
Compiling /home/bruns/Documents/anonymos-phobos/std/experimental/allocator/building_blocks/free_list.d -> build/free_list.o
Compiling /home/bruns/Documents/anonymos-phobos/std/experimental/allocator/building_blocks/allocator_list.d -> build/allocator_list.o
Compiling /home/bruns/Documents/anonymos-phobos/std/experimental/allocator/building_blocks/scoped_allocator.d -> build/scoped_allocator.o
Compiling /home/bruns/Documents/anonymos-phobos/std/experimental/allocator/building_blocks/stats_collector.d -> build/stats_collector.o
Compiling /home/bruns/Documents/anonymos-phobos/std/experimental/allocator/building_blocks/kernighan_ritchie.d -> build/kernighan_ritchie.o
Compiling /home/bruns/Documents/anonymos-phobos/std/experimental/allocator/building_blocks/segregator.d -> build/segregator.o
Compiling /home/bruns/Documents/anonymos-phobos/std/experimental/allocator/building_blocks/quantizer.d -> build/quantizer.o
Compiling /home/bruns/Documents/anonymos-phobos/std/experimental/allocator/gc_allocator.d -> build/gc_allocator.o
Compiling /home/bruns/Documents/anonymos-phobos/std/experimental/allocator/mmap_allocator.d -> build/mmap_allocator.o
Compiling /home/bruns/Documents/anonymos-phobos/std/experimental/allocator/typed.d -> build/typed.o
Compiling /home/bruns/Documents/anonymos-phobos/std/getopt.d -> build/getopt.o
Compiling /home/bruns/Documents/anonymos-phobos/std/base64.d -> build/base64.o
Compiling /home/bruns/Documents/anonymos-phobos/std/outbuffer.d -> build/outbuffer.o
Compiling /home/bruns/Documents/anonymos-phobos/std/mathspecial.d -> build/mathspecial.o
Compiling /home/bruns/Documents/anonymos-phobos/std/system.d -> build/system.o
Compiling /home/bruns/Documents/anonymos-phobos/std/algorithm/internal.d -> build/internal.o
Compiling /home/bruns/Documents/anonymos-phobos/std/algorithm/package.d -> build/package.o
Compiling /home/bruns/Documents/anonymos-phobos/std/algorithm/sorting.d -> build/sorting.o
Compiling /home/bruns/Documents/anonymos-phobos/std/algorithm/searching.d -> build/searching.o
Compiling /home/bruns/Documents/anonymos-phobos/std/algorithm/setops.d -> build/setops.o
Compiling /home/bruns/Documents/anonymos-phobos/std/algorithm/comparison.d -> build/comparison.o
Compiling /home/bruns/Documents/anonymos-phobos/std/algorithm/iteration.d -> build/iteration.o
Compiling /home/bruns/Documents/anonymos-phobos/std/algorithm/mutation.d -> build/mutation.o
Compiling /home/bruns/Documents/anonymos-phobos/std/exception.d -> build/exception.o

=== Building mstd modules ===
Compiling /home/bruns/Documents/-sh/mstd/format.d -> build/mstd_format.o
/home/bruns/Documents/-sh/mstd/format.d(9): Error: template `va_start` is not callable using argument types `!()(__va_list_tag*, immutable(char)*)`
    va_start(args, fmt.ptr);
            ^
/home/bruns/Documents/anonymos-dmd/druntime/src/core/stdc/stdarg.d(172):        Candidate is: `va_start(T)(out va_list ap, ref T parmn)`
        void va_start(T)(out va_list ap, ref T parmn); // intrinsic; parmn should be __va_argsave for non-Windows x86_64 targets
             ^
/home/bruns/Documents/-sh/mstd/format.d(11): Error: no property `toStringz` for `fmt` of type `string`
    auto len = vsnprintf(buf.ptr, buf.length, fmt.toStringz(), args);
                                                 ^
/home/bruns/Documents/-sh/mstd/format.d(19): Error: template `va_start` is not callable using argument types `!()(__va_list_tag*, immutable(char)*)`
        va_start(args, fmt.ptr);
                ^
/home/bruns/Documents/anonymos-dmd/druntime/src/core/stdc/stdarg.d(172):        Candidate is: `va_start(T)(out va_list ap, ref T parmn)`
        void va_start(T)(out va_list ap, ref T parmn); // intrinsic; parmn should be __va_argsave for non-Windows x86_64 targets
             ^
/home/bruns/Documents/-sh/mstd/format.d(20): Error: no property `toStringz` for `fmt` of type `string`
        vsnprintf(bigger.ptr, bigger.length, fmt.toStringz(), args);
                                                ^
